[ 2025-06-05 19:17:32,192 ] 1025 httpx - INFO - HTTP Request: GET https://dagshub.com/api/v1/user "HTTP/1.1 200 OK"
[ 2025-06-05 19:17:32,196 ] 107 dagshub - INFO - Accessing as ashlyyy6969
[ 2025-06-05 19:17:32,707 ] 1025 httpx - INFO - HTTP Request: GET https://dagshub.com/api/v1/repos/ashlyyy6969/networksecurity "HTTP/1.1 200 OK"
[ 2025-06-05 19:17:33,116 ] 1025 httpx - INFO - HTTP Request: GET https://dagshub.com/api/v1/user "HTTP/1.1 200 OK"
[ 2025-06-05 19:17:33,118 ] 107 dagshub - INFO - Initialized MLflow to track repo "ashlyyy6969/networksecurity"
[ 2025-06-05 19:17:33,118 ] 107 dagshub - INFO - Repository ashlyyy6969/networksecurity initialized!
[ 2025-06-05 19:21:02,337 ] 41 root - INFO - Start data Ingestion
[ 2025-06-05 19:21:04,091 ] 65 root - INFO - Performed train test split on the dataframe
[ 2025-06-05 19:21:04,091 ] 67 root - INFO - Exited split_data_as_train_test method of Data_Ingestion class
[ 2025-06-05 19:21:04,091 ] 75 root - INFO - Exporting train and test file path.
[ 2025-06-05 19:21:04,139 ] 84 root - INFO - Exported train and test file path.
[ 2025-06-05 19:21:04,139 ] 44 root - INFO - Data Ingestion completed and artifact: DataIngestionArtifact(trained_file_path='Artifacts/06_05_2025_19_17_30/data_ingestion/ingested/train.csv', test_file_path='Artifacts/06_05_2025_19_17_30/data_ingestion/ingested/test.csv')
[ 2025-06-05 19:21:04,144 ] 54 root - INFO - Initiate the data Validation
[ 2025-06-05 19:21:04,158 ] 39 root - INFO - Required number of columns:2
[ 2025-06-05 19:21:04,159 ] 40 root - INFO - Data frame has columns:31
[ 2025-06-05 19:21:04,159 ] 39 root - INFO - Required number of columns:2
[ 2025-06-05 19:21:04,159 ] 40 root - INFO - Data frame has columns:31
[ 2025-06-05 19:21:04,286 ] 61 root - INFO - Entered initiate_data_transformation method of DataTransformation class
[ 2025-06-05 19:21:04,286 ] 63 root - INFO - Starting data transformation
[ 2025-06-05 19:21:04,301 ] 46 root - INFO - Entered get_data_trnasformer_object method of Trnasformation class
[ 2025-06-05 19:21:04,301 ] 51 root - INFO - Initialise KNNImputer with {'missing_values': nan, 'n_neighbors': 3, 'weights': 'uniform'}
[ 2025-06-05 19:21:04,312 ] 53 root - INFO - Entered the save_object method of MainUtils class
[ 2025-06-05 19:21:04,315 ] 57 root - INFO - Exited the save_object method of MainUtils class
[ 2025-06-05 19:21:04,315 ] 53 root - INFO - Entered the save_object method of MainUtils class
[ 2025-06-05 19:21:04,320 ] 57 root - INFO - Exited the save_object method of MainUtils class
