[ 2025-06-05 21:27:19,121 ] 1025 httpx - INFO - HTTP Request: GET https://dagshub.com/api/v1/user "HTTP/1.1 200 OK"
[ 2025-06-05 21:27:19,222 ] 107 dagshub - INFO - Accessing as ashlyyy6969
[ 2025-06-05 21:27:19,708 ] 1025 httpx - INFO - HTTP Request: GET https://dagshub.com/api/v1/repos/ashlyyy6969/networksecurity "HTTP/1.1 200 OK"
[ 2025-06-05 21:27:20,119 ] 1025 httpx - INFO - HTTP Request: GET https://dagshub.com/api/v1/user "HTTP/1.1 200 OK"
[ 2025-06-05 21:27:20,122 ] 107 dagshub - INFO - Initialized MLflow to track repo "ashlyyy6969/networksecurity"
[ 2025-06-05 21:27:20,122 ] 107 dagshub - INFO - Repository ashlyyy6969/networksecurity initialized!
[ 2025-06-05 21:27:20,122 ] 20 root - INFO - Initiate the data ingestion
[ 2025-06-05 21:27:23,249 ] 65 root - INFO - Performed train test split on the dataframe
[ 2025-06-05 21:27:23,249 ] 67 root - INFO - Exited split_data_as_train_test method of Data_Ingestion class
[ 2025-06-05 21:27:23,249 ] 75 root - INFO - Exporting train and test file path.
[ 2025-06-05 21:27:23,296 ] 84 root - INFO - Exported train and test file path.
[ 2025-06-05 21:27:23,296 ] 22 root - INFO - Data Initiation Completed
[ 2025-06-05 21:27:23,301 ] 27 root - INFO - Initiate the data Validation
[ 2025-06-05 21:27:23,317 ] 39 root - INFO - Required number of columns:2
[ 2025-06-05 21:27:23,317 ] 40 root - INFO - Data frame has columns:31
[ 2025-06-05 21:27:23,317 ] 39 root - INFO - Required number of columns:2
[ 2025-06-05 21:27:23,317 ] 40 root - INFO - Data frame has columns:31
[ 2025-06-05 21:27:23,447 ] 29 root - INFO - data Validation Completed
[ 2025-06-05 21:27:23,447 ] 33 root - INFO - data Transformation started
[ 2025-06-05 21:27:23,447 ] 61 root - INFO - Entered initiate_data_transformation method of DataTransformation class
[ 2025-06-05 21:27:23,447 ] 63 root - INFO - Starting data transformation
[ 2025-06-05 21:27:23,461 ] 46 root - INFO - Entered get_data_trnasformer_object method of Trnasformation class
[ 2025-06-05 21:27:23,461 ] 51 root - INFO - Initialise KNNImputer with {'missing_values': nan, 'n_neighbors': 3, 'weights': 'uniform'}
[ 2025-06-05 21:27:23,469 ] 53 root - INFO - Entered the save_object method of MainUtils class
[ 2025-06-05 21:27:23,474 ] 57 root - INFO - Exited the save_object method of MainUtils class
[ 2025-06-05 21:27:23,474 ] 53 root - INFO - Entered the save_object method of MainUtils class
[ 2025-06-05 21:27:23,479 ] 57 root - INFO - Exited the save_object method of MainUtils class
[ 2025-06-05 21:27:23,480 ] 37 root - INFO - data Transformation completed
[ 2025-06-05 21:27:23,480 ] 40 root - INFO - Model Training stared
[ 2025-06-05 21:38:20,584 ] 53 root - INFO - Entered the save_object method of MainUtils class
[ 2025-06-05 21:38:20,585 ] 57 root - INFO - Exited the save_object method of MainUtils class
[ 2025-06-05 21:38:20,585 ] 53 root - INFO - Entered the save_object method of MainUtils class
[ 2025-06-05 21:38:20,628 ] 57 root - INFO - Exited the save_object method of MainUtils class
[ 2025-06-05 21:38:20,628 ] 138 root - INFO - Model trainer artifact: ModelTrainerArtifact(trained_model_file_path='Artifacts/06_05_2025_21_27_16/model_trainer/trained_model/model.pkl', train_metric_artifact=ClassificationMetricArtifact(f1_score=0.9908722109533469, precision_score=0.9884662080129503, recall_score=0.9932899552663684), test_metric_artifact=ClassificationMetricArtifact(f1_score=0.9803133788670149, precision_score=0.976, recall_score=0.9846650524616626))
[ 2025-06-05 21:38:20,631 ] 45 root - INFO - Model Training artifact created
