[ 2025-06-05 03:10:26,228 ] 1025 httpx - INFO - HTTP Request: GET https://dagshub.com/api/v1/user "HTTP/1.1 200 OK"
[ 2025-06-05 03:10:26,301 ] 107 dagshub - INFO - Accessing as ashlyyy6969
[ 2025-06-05 03:10:26,923 ] 1025 httpx - INFO - HTTP Request: GET https://dagshub.com/api/v1/repos/ashlyyy6969/networksecurity "HTTP/1.1 200 OK"
[ 2025-06-05 03:10:27,461 ] 1025 httpx - INFO - HTTP Request: GET https://dagshub.com/api/v1/user "HTTP/1.1 200 OK"
[ 2025-06-05 03:10:27,468 ] 107 dagshub - INFO - Initialized MLflow to track repo "ashlyyy6969/networksecurity"
[ 2025-06-05 03:10:27,469 ] 107 dagshub - INFO - Repository ashlyyy6969/networksecurity initialized!
[ 2025-06-05 03:10:27,469 ] 20 root - INFO - Initiate the data ingestion
[ 2025-06-05 03:10:31,236 ] 65 root - INFO - Performed train test split on the dataframe
[ 2025-06-05 03:10:31,236 ] 67 root - INFO - Exited split_data_as_train_test method of Data_Ingestion class
[ 2025-06-05 03:10:31,236 ] 75 root - INFO - Exporting train and test file path.
[ 2025-06-05 03:10:31,284 ] 84 root - INFO - Exported train and test file path.
[ 2025-06-05 03:10:31,284 ] 22 root - INFO - Data Initiation Completed
[ 2025-06-05 03:10:31,289 ] 27 root - INFO - Initiate the data Validation
[ 2025-06-05 03:10:31,305 ] 39 root - INFO - Required number of columns:2
[ 2025-06-05 03:10:31,305 ] 40 root - INFO - Data frame has columns:31
[ 2025-06-05 03:10:31,305 ] 39 root - INFO - Required number of columns:2
[ 2025-06-05 03:10:31,305 ] 40 root - INFO - Data frame has columns:31
[ 2025-06-05 03:10:31,449 ] 29 root - INFO - data Validation Completed
[ 2025-06-05 03:10:31,449 ] 33 root - INFO - data Transformation started
[ 2025-06-05 03:10:31,449 ] 61 root - INFO - Entered initiate_data_transformation method of DataTransformation class
[ 2025-06-05 03:10:31,449 ] 63 root - INFO - Starting data transformation
[ 2025-06-05 03:10:31,464 ] 46 root - INFO - Entered get_data_trnasformer_object method of Trnasformation class
[ 2025-06-05 03:10:31,465 ] 51 root - INFO - Initialise KNNImputer with {'missing_values': nan, 'n_neighbors': 3, 'weights': 'uniform'}
[ 2025-06-05 03:10:31,471 ] 53 root - INFO - Entered the save_object method of MainUtils class
[ 2025-06-05 03:10:31,474 ] 57 root - INFO - Exited the save_object method of MainUtils class
[ 2025-06-05 03:10:31,474 ] 53 root - INFO - Entered the save_object method of MainUtils class
[ 2025-06-05 03:10:31,478 ] 57 root - INFO - Exited the save_object method of MainUtils class
[ 2025-06-05 03:10:31,479 ] 37 root - INFO - data Transformation completed
[ 2025-06-05 03:10:31,479 ] 40 root - INFO - Model Training stared
